<?xml version="1.0" encoding="UTF-8"?>
<!-- Generated by org.testng.reporters.JUnitXMLReporter -->
<testsuite ignored="0" hostname="LAPTOP-SAHP40V1" failures="5" tests="5" name="ddt" time="50.752" errors="0" timestamp="2022-08-03T09:30:03 IST">
  <testcase classname="dataDrivenTesting.DDTTest" name="check_interest" time="8.322">
    <failure type="java.lang.AssertionError" message="expected [true] but found [false]">
      <![CDATA[java.lang.AssertionError: expected [true] but found [false]
at dataDrivenTesting.DDTTest.check_interest(DDTTest.java:70)
at java.base/java.util.ArrayList.forEach(ArrayList.java:1511)
... Removed 31 stack frames]]>
    </failure>
  </testcase> <!-- check_interest -->
  <testcase classname="dataDrivenTesting.DDTTest" name="check_interest" time="7.078">
    <failure type="java.lang.AssertionError" message="expected [true] but found [false]">
      <![CDATA[java.lang.AssertionError: expected [true] but found [false]
at dataDrivenTesting.DDTTest.check_interest(DDTTest.java:70)
at java.base/java.util.ArrayList.forEach(ArrayList.java:1511)
... Removed 31 stack frames]]>
    </failure>
  </testcase> <!-- check_interest -->
  <testcase classname="dataDrivenTesting.DDTTest" name="check_interest" time="7.034">
    <failure type="java.lang.AssertionError" message="expected [true] but found [false]">
      <![CDATA[java.lang.AssertionError: expected [true] but found [false]
at dataDrivenTesting.DDTTest.check_interest(DDTTest.java:70)
at java.base/java.util.ArrayList.forEach(ArrayList.java:1511)
... Removed 31 stack frames]]>
    </failure>
  </testcase> <!-- check_interest -->
  <testcase classname="dataDrivenTesting.DDTTest" name="check_interest" time="7.988">
    <failure type="java.lang.AssertionError" message="expected [true] but found [false]">
      <![CDATA[java.lang.AssertionError: expected [true] but found [false]
at dataDrivenTesting.DDTTest.check_interest(DDTTest.java:70)
at java.base/java.util.ArrayList.forEach(ArrayList.java:1511)
... Removed 31 stack frames]]>
    </failure>
  </testcase> <!-- check_interest -->
  <testcase classname="dataDrivenTesting.DDTTest" name="check_interest" time="7.883">
    <failure type="java.lang.AssertionError" message="expected [true] but found [false]">
      <![CDATA[java.lang.AssertionError: expected [true] but found [false]
at dataDrivenTesting.DDTTest.check_interest(DDTTest.java:70)
at java.base/java.util.ArrayList.forEach(ArrayList.java:1511)
... Removed 31 stack frames]]>
    </failure>
  </testcase> <!-- check_interest -->
</testsuite> <!-- ddt -->
