<?xml version="1.0" encoding="UTF-8"?>
<!-- Generated by org.testng.reporters.JUnitXMLReporter -->
<testsuite ignored="0" hostname="LAPTOP-SAHP40V1" failures="3" tests="13" name="Test" time="14.094" errors="0" timestamp="2022-08-02T07:54:51 IST">
  <testcase classname="package18.GroupingTests" name="loginbymail" time="0.023"/>
  <testcase classname="package18.GroupingTests" name="loginbyfacebook" time="0.003"/>
  <testcase classname="package18.GroupingTests" name="loginbygoogle" time="0.004"/>
  <testcase classname="package18.GroupingTests" name="signupbyemail" time="0.004"/>
  <testcase classname="package18.GroupingTests" name="signupbyfacebook" time="0.003"/>
  <testcase classname="package18.GroupingTests" name="signup_by_google" time="0.003"/>
  <testcase classname="package18.GroupingTests" name="sendmoney" time="0.004"/>
  <testcase classname="package18.GroupingTests" name="withdraw_amount" time="0.003"/>
  <testcase classname="package18.GroupingTests" name="forget_password" time="0.002"/>
  <testcase classname="package18.DataProvider1" name="LoginMethod" time="4.127"/>
  <testcase classname="package18.DataProvider1" name="LoginMethod" time="0.971">
    <failure type="java.lang.AssertionError" message="expected [nopCommerce demo store] but found [nopCommerce demo store. Login]">
      <![CDATA[java.lang.AssertionError: expected [nopCommerce demo store] but found [nopCommerce demo store. Login]
at package18.DataProvider1.LoginMethod(DataProvider1.java:36)
at java.base/java.util.ArrayList.forEach(ArrayList.java:1511)
... Removed 33 stack frames]]>
    </failure>
  </testcase> <!-- LoginMethod -->
  <testcase classname="package18.DataProvider1" name="LoginMethod" time="1.399">
    <failure type="java.lang.AssertionError" message="expected [nopCommerce demo store] but found [nopCommerce demo store. Login]">
      <![CDATA[java.lang.AssertionError: expected [nopCommerce demo store] but found [nopCommerce demo store. Login]
at package18.DataProvider1.LoginMethod(DataProvider1.java:36)
at java.base/java.util.ArrayList.forEach(ArrayList.java:1511)
... Removed 33 stack frames]]>
    </failure>
  </testcase> <!-- LoginMethod -->
  <testcase classname="package18.DataProvider1" name="LoginMethod" time="1.486">
    <failure type="java.lang.AssertionError" message="expected [nopCommerce demo store] but found [nopCommerce demo store. Login]">
      <![CDATA[java.lang.AssertionError: expected [nopCommerce demo store] but found [nopCommerce demo store. Login]
at package18.DataProvider1.LoginMethod(DataProvider1.java:36)
at java.base/java.util.ArrayList.forEach(ArrayList.java:1511)
... Removed 33 stack frames]]>
    </failure>
  </testcase> <!-- LoginMethod -->
</testsuite> <!-- Test -->
